{
  "RSpec": {
    "coverage": {
      "/Users/georgelugo/Desktop/rails_apps/apple_weather_app/spec/weather_controller_spec.rb": {
        "lines": [
          null,
          null,
          1,
          null,
          1,
          1,
          1,
          1,
          1,
          null,
          null,
          null,
          1,
          1,
          1,
          null,
          null,
          null,
          null,
          null,
          null,
          1,
          1,
          1,
          1,
          1,
          1,
          null,
          null,
          null,
          null,
          null,
          null,
          1,
          2,
          2,
          null,
          1,
          1,
          null,
          null,
          null,
          1,
          1,
          null,
          null,
          null,
          null,
          null,
          null,
          null,
          null,
          null,
          null,
          1,
          null,
          1,
          null,
          1,
          null,
          1,
          1,
          1,
          1,
          null,
          null,
          null
        ]
      },
      "/Users/georgelugo/Desktop/rails_apps/apple_weather_app/spec/rails_helper.rb": {
        "lines": [
          null,
          null,
          null,
          1,
          1,
          1,
          null,
          1,
          1,
          null,
          null,
          null,
          null,
          null,
          null,
          null,
          null,
          null,
          null,
          null,
          null,
          null,
          null,
          null,
          null,
          null,
          null,
          null,
          null,
          1,
          null,
          0,
          0,
          null,
          1,
          null,
          1,
          null,
          null,
          null,
          null,
          1,
          null,
          null,
          null,
          null,
          null,
          null,
          null,
          null,
          null,
          null,
          null,
          null,
          null,
          null,
          null,
          null,
          null,
          1,
          null,
          null,
          1,
          null,
          null,
          null
        ]
      },
      "/Users/georgelugo/Desktop/rails_apps/apple_weather_app/config/environment.rb": {
        "lines": [
          null,
          null,
          null,
          1,
          null,
          null,
          1
        ]
      },
      "/Users/georgelugo/Desktop/rails_apps/apple_weather_app/config/application.rb": {
        "lines": [
          null,
          null,
          1,
          null,
          1,
          null,
          null,
          null,
          1,
          null,
          1,
          null,
          1,
          null,
          1,
          null,
          null,
          null,
          null,
          null,
          null,
          null,
          null,
          null,
          null
        ]
      },
      "/Users/georgelugo/Desktop/rails_apps/apple_weather_app/config/boot.rb": {
        "lines": [
          null,
          null,
          1,
          null,
          1,
          1
        ]
      },
      "/Users/georgelugo/Desktop/rails_apps/apple_weather_app/config/environments/test.rb": {
        "lines": [
          null,
          null,
          1,
          null,
          null,
          null,
          null,
          null,
          null,
          1,
          null,
          null,
          null,
          1,
          null,
          null,
          null,
          null,
          1,
          null,
          null,
          1,
          1,
          null,
          null,
          null,
          null,
          1,
          1,
          1,
          null,
          null,
          1,
          null,
          null,
          1,
          null,
          null,
          1,
          null,
          1,
          null,
          null,
          null,
          null,
          1,
          null,
          null,
          1,
          null,
          null,
          1,
          null,
          null,
          1,
          null,
          null,
          null,
          null,
          null,
          null,
          null
        ]
      },
      "/Users/georgelugo/Desktop/rails_apps/apple_weather_app/config/initializers/assets.rb": {
        "lines": [
          null,
          null,
          null,
          null,
          null,
          1,
          null,
          null,
          null,
          null,
          null,
          null,
          null,
          null
        ]
      },
      "/Users/georgelugo/Desktop/rails_apps/apple_weather_app/config/initializers/content_security_policy.rb": {
        "lines": [
          null,
          null,
          null,
          null,
          null,
          null,
          null,
          null,
          null,
          null,
          null,
          null,
          null,
          null,
          null,
          null,
          null,
          null,
          null,
          null,
          null,
          null,
          null,
          null,
          null,
          null
        ]
      },
      "/Users/georgelugo/Desktop/rails_apps/apple_weather_app/config/initializers/filter_parameter_logging.rb": {
        "lines": [
          null,
          null,
          null,
          null,
          null,
          null,
          null,
          1,
          null,
          null
        ]
      },
      "/Users/georgelugo/Desktop/rails_apps/apple_weather_app/config/initializers/inflections.rb": {
        "lines": [
          null,
          null,
          null,
          null,
          null,
          null,
          null,
          null,
          null,
          null,
          null,
          null,
          null,
          null,
          null,
          null,
          null
        ]
      },
      "/Users/georgelugo/Desktop/rails_apps/apple_weather_app/config/initializers/permissions_policy.rb": {
        "lines": [
          null,
          null,
          null,
          null,
          null,
          null,
          null,
          null,
          null,
          null,
          null,
          null
        ]
      },
      "/Users/georgelugo/Desktop/rails_apps/apple_weather_app/config/routes.rb": {
        "lines": [
          null,
          null,
          1,
          null,
          null,
          null,
          1,
          null,
          1,
          null
        ]
      },
      "/Users/georgelugo/Desktop/rails_apps/apple_weather_app/app/helpers/application_helper.rb": {
        "lines": [
          null,
          null,
          1,
          null
        ]
      },
      "/Users/georgelugo/Desktop/rails_apps/apple_weather_app/app/helpers/weather_helper.rb": {
        "lines": [
          null,
          null,
          1,
          null
        ]
      },
      "/Users/georgelugo/Desktop/rails_apps/apple_weather_app/app/controllers/weather_controller.rb": {
        "lines": [
          null,
          null,
          null,
          1,
          1,
          null,
          1,
          2,
          2,
          2,
          2,
          2,
          null,
          null,
          null
        ]
      },
      "/Users/georgelugo/Desktop/rails_apps/apple_weather_app/app/controllers/application_controller.rb": {
        "lines": [
          null,
          null,
          1,
          null
        ]
      },
      "/Users/georgelugo/Desktop/rails_apps/apple_weather_app/app/services/weather_service.rb": {
        "lines": [
          null,
          null,
          null,
          1,
          1,
          null,
          null,
          1,
          1,
          null,
          1,
          2,
          2,
          2,
          2,
          null,
          null,
          1,
          2,
          null,
          2,
          null,
          null,
          null,
          1,
          1,
          null,
          1,
          2,
          2,
          2,
          2,
          null,
          null,
          null
        ]
      }
    },
    "timestamp": 1664384038
  }
}
